#
# A fatal error has been detected by the Java Runtime Environment:
#
#  EXCEPTION_ACCESS_VIOLATION (0xc0000005) at pc=0x00007ff97062c33a, pid=19236, tid=13892
#
# JRE version: Java(TM) SE Runtime Environment (16.0.2+7) (build 16.0.2+7-67)
# Java VM: Java HotSpot(TM) 64-Bit Server VM (16.0.2+7-67, mixed mode, sharing, tiered, compressed oops, compressed class ptrs, g1 gc, windows-amd64)
# Problematic frame:
# V  [jvm.dll+0x2fc33a]
#
# No core dump will be written. Minidumps are not enabled by default on client versions of Windows
#
# If you would like to submit a bug report, please visit:
#   https://bugreport.java.com/bugreport/crash.jsp
#

---------------  S U M M A R Y ------------

Command Line: --add-opens=java.base/java.util=ALL-UNNAMED --add-opens=java.base/java.lang=ALL-UNNAMED --add-opens=java.base/java.lang.invoke=ALL-UNNAMED --add-opens=java.prefs/java.util.prefs=ALL-UNNAMED --add-opens=java.base/java.nio.charset=ALL-UNNAMED --add-opens=java.base/java.net=ALL-UNNAMED --add-opens=java.base/java.util.concurrent.atomic=ALL-UNNAMED -Dfile.encoding=UTF-8 -Duser.country=GB -Duser.language=en -Duser.variant -javaagent:C:\Users\Josh\.gradle\wrapper\dists\gradle-8.3-bin\dxjbbhstwasg8cbags9q7cvli\gradle-8.3\lib\agents\gradle-instrumentation-agent-8.3.jar org.gradle.launcher.daemon.bootstrap.GradleDaemon 8.3

Host: Intel(R) Core(TM) i9-14900KS, 32 cores, 63G,  Windows 10 , 64 bit Build 22621 (10.0.22621.3527)
Time: Wed May 29 17:37:57 2024 GMT Summer Time elapsed time: 9.391402 seconds (0d 0h 0m 9s)

---------------  T H R E A D  ---------------

Current thread (0x000001f090ed1ec0):  GCTaskThread "GC Thread#17" [stack: 0x00000096b7d00000,0x00000096b7e00000] [id=13892]

Stack: [0x00000096b7d00000,0x00000096b7e00000],  sp=0x00000096b7dff0e0,  free space=1020k
Native frames: (J=compiled Java code, j=interpreted, Vv=VM code, C=native code)
V  [jvm.dll+0x2fc33a]
V  [jvm.dll+0x2fc8fb]
C  0x0000000412929c30


siginfo: EXCEPTION_ACCESS_VIOLATION (0xc0000005), reading address 0x0000000000000005


Register to memory mapping:

RIP=0x00007ff97062c33a jvm.dll
RAX=0x0000000000000711 is an unknown value
RBX=0x0000000000000005 is an unknown value
RCX=
[error occurred during error reporting (printing register info), id 0xc0000005, EXCEPTION_ACCESS_VIOLATION (0xc0000005) at pc=0x00007ff9705f991d]

Registers:
RAX=0x0000000000000711, RBX=0x0000000000000005, RCX=0x0000000412929c54, RDX=0x0000000000000005
RSP=0x00000096b7dff0e0, RBP=0x00000004133cffc0, RSI=0x000001f09a3e89d0, RDI=0x0000000412929c54
R8 =0x0000000000000826, R9 =0x0000000000000010, R10=0x0000000000000010, R11=0x0000000000000001
R12=0x0000000000000000, R13=0x0000000000000012, R14=0x0000000000000010, R15=0x000000000000000c
RIP=0x00007ff97062c33a, EFLAGS=0x0000000000010202

Top of Stack: (sp=0x00000096b7dff0e0)
0x00000096b7dff0e0:   0000000000000004 00000096b7dff240
0x00000096b7dff0f0:   0000000000000004 0000000000000000
0x00000096b7dff100:   0000000412929c54 00007ff97062c8fb
0x00000096b7dff110:   0000000000000001 0000000000000000
0x00000096b7dff120:   000001f09a3e89d0 000000041453bbf0
0x00000096b7dff130:   000001f09a3e89d0 00007ff97062c8fb
0x00000096b7dff140:   0000000412929c54 0000000412929c30
0x00000096b7dff150:   0000000412929c88 000001f09a3e8830
0x00000096b7dff160:   0000000000000000 000001f09a3e8830
0x00000096b7dff170:   000001f0cd4f1140 00007ff97062dea0
0x00000096b7dff180:   0000000000000000 00000096b7dff1f8
0x00000096b7dff190:   0000000412929c30 0000000000000008
0x00000096b7dff1a0:   0000000800000007 000001f000000000
0x00000096b7dff1b0:   0000000412921680 00007ff970620001
0x00000096b7dff1c0:   0000000400000001 0000000000000041
0x00000096b7dff1d0:   0000000000000048 00007ff97063f5b3 

Instructions: (pc=0x00007ff97062c33a)
0x00007ff97062c23a:   39 56 08 48 0f 42 56 08 48 2b d1 e8 e6 10 36 00
0x00007ff97062c24a:   45 33 c9 48 8d 4e 20 4c 8b c7 48 8b d3 48 8b 5c
0x00007ff97062c25a:   24 40 48 8b 74 24 48 48 8b 7c 24 50 48 83 c4 30
0x00007ff97062c26a:   41 5e e9 bf e8 e1 ff cc cc cc cc cc cc cc cc cc
0x00007ff97062c27a:   cc cc cc cc cc cc 48 89 6c 24 10 48 89 74 24 18
0x00007ff97062c28a:   57 48 83 ec 20 48 8b 32 48 8b fa 48 8b e9 48 85
0x00007ff97062c29a:   f6 74 79 48 8b 41 10 4c 8b c6 48 89 5c 24 30 8b
0x00007ff97062c2aa:   88 78 05 00 00 48 8b 80 68 05 00 00 49 d3 e8 42
0x00007ff97062c2ba:   0f b7 1c 40 0f b7 c3 66 c1 e8 08 84 c0 78 0b 48
0x00007ff97062c2ca:   8b 4d 18 e8 be a0 fd ff eb 3d 8b 0d b6 bf 7d 00
0x00007ff97062c2da:   48 8b c6 48 33 c7 48 d3 e8 48 85 c0 74 29 4c 8b
0x00007ff97062c2ea:   ce 4c 8b c7 0f b7 d3 48 8b cd e8 57 01 00 00 83
0x00007ff97062c2fa:   7d 20 01 74 12 48 8b 4d 18 4c 8b ce 4c 8b c7 0f
0x00007ff97062c30a:   b7 d3 e8 df 00 00 00 48 8b 5c 24 30 48 8b 6c 24
0x00007ff97062c31a:   38 48 8b 74 24 40 48 83 c4 20 5f c3 cc cc cc cc
0x00007ff97062c32a:   cc cc cc cc cc cc 48 89 74 24 18 57 48 83 ec 20
0x00007ff97062c33a:   8b 02 48 8b fa 48 8b f1 85 c0 0f 84 98 00 00 00
0x00007ff97062c34a:   8b 0d e8 4c 77 00 48 89 5c 24 30 48 89 6c 24 38
0x00007ff97062c35a:   8b e8 48 8b 46 10 48 d3 e5 48 03 2d c6 4c 77 00
0x00007ff97062c36a:   4c 8b c5 8b 88 78 05 00 00 48 8b 80 68 05 00 00
0x00007ff97062c37a:   49 d3 e8 42 0f b7 1c 40 0f b7 c3 66 c1 e8 08 84
0x00007ff97062c38a:   c0 78 0e 48 8b 4e 18 48 ff c2 e8 f7 9f fd ff eb
0x00007ff97062c39a:   3d 8b 0d ef be 7d 00 48 8b c5 48 33 c7 48 d3 e8
0x00007ff97062c3aa:   48 85 c0 74 29 4c 8b cd 4c 8b c7 0f b7 d3 48 8b
0x00007ff97062c3ba:   ce e8 f0 01 00 00 83 7e 20 01 74 12 48 8b 4e 18
0x00007ff97062c3ca:   4c 8b cd 4c 8b c7 0f b7 d3 e8 18 00 00 00 48 8b
0x00007ff97062c3da:   5c 24 30 48 8b 6c 24 38 48 8b 74 24 40 48 83 c4
0x00007ff97062c3ea:   20 5f c3 cc cc cc 84 d2 74 52 57 48 83 ec 20 48
0x00007ff97062c3fa:   8b 81 80 00 00 00 48 8b f9 48 89 5c 24 30 49 c1
0x00007ff97062c40a:   e8 09 48 8b 58 48 48 8b 50 40 49 03 d8 48 2b da
0x00007ff97062c41a:   48 39 99 d0 01 00 00 74 19 48 83 c1 18 80 79 10
0x00007ff97062c42a:   00 74 08 48 03 d3 e8 0b e7 3a 00 48 89 9f d0 01 


Stack slot to memory mapping:
stack at sp + 0 slots: 0x0000000000000004 is an unknown value
stack at sp + 1 slots: 0x00000096b7dff240 points into unknown readable memory: 0x00000004133c0001 | 01 00 3c 13 04 00 00 00
stack at sp + 2 slots: 0x0000000000000004 is an unknown value
stack at sp + 3 slots: 0x0 is NULL
stack at sp + 4 slots: 
[error occurred during error reporting (inspecting top of stack), id 0xc0000005, EXCEPTION_ACCESS_VIOLATION (0xc0000005) at pc=0x00007ff9705f991d]


---------------  P R O C E S S  ---------------

Threads class SMR info:
_java_thread_list=0x000001f0929de290, length=41, elements={
0x000001f0cd4d55e0, 0x000001f0feb1a810, 0x000001f0feb1b0e0, 0x000001f0feb27e30,
0x000001f0feb2a770, 0x000001f0feb2ac90, 0x000001f0feb326c0, 0x000001f0feb36fe0,
0x000001f0feb3f600, 0x000001f0feb49f70, 0x000001f0febec530, 0x000001f0fec6d150,
0x000001f0fed4f850, 0x000001f0fff25920, 0x000001f0915f7890, 0x000001f0914540f0,
0x000001f091027e60, 0x000001f090856c50, 0x000001f090858190, 0x000001f091ba3430,
0x000001f091ba4770, 0x000001f0fff21e80, 0x000001f0fff22e70, 0x000001f0fff22920,
0x000001f0fff20940, 0x000001f0fff20e90, 0x000001f0fff223d0, 0x000001f0fff1fea0,
0x000001f0fff203f0, 0x000001f0924834b0, 0x000001f092488460, 0x000001f0924869d0,
0x000001f092482a10, 0x000001f092485490, 0x000001f092481f70, 0x000001f092484f40,
0x000001f092487470, 0x000001f092486480, 0x000001f092486f20, 0x000001f0924859e0,
0x000001f0924849f0
}

Java Threads: ( => current thread )
  0x000001f0cd4d55e0 JavaThread "main" [_thread_blocked, id=46412, stack(0x00000096b5300000,0x00000096b5400000)]
  0x000001f0feb1a810 JavaThread "Reference Handler" daemon [_thread_blocked, id=34076, stack(0x00000096b5a00000,0x00000096b5b00000)]
  0x000001f0feb1b0e0 JavaThread "Finalizer" daemon [_thread_blocked, id=26148, stack(0x00000096b5b00000,0x00000096b5c00000)]
  0x000001f0feb27e30 JavaThread "Signal Dispatcher" daemon [_thread_blocked, id=35868, stack(0x00000096b5c00000,0x00000096b5d00000)]
  0x000001f0feb2a770 JavaThread "Attach Listener" daemon [_thread_blocked, id=18064, stack(0x00000096b5d00000,0x00000096b5e00000)]
  0x000001f0feb2ac90 JavaThread "Service Thread" daemon [_thread_blocked, id=30032, stack(0x00000096b5e00000,0x00000096b5f00000)]
  0x000001f0feb326c0 JavaThread "Monitor Deflation Thread" daemon [_thread_blocked, id=34092, stack(0x00000096b5f00000,0x00000096b6000000)]
  0x000001f0feb36fe0 JavaThread "C2 CompilerThread0" daemon [_thread_blocked, id=44612, stack(0x00000096b6000000,0x00000096b6100000)]
  0x000001f0feb3f600 JavaThread "C1 CompilerThread0" daemon [_thread_blocked, id=25272, stack(0x00000096b6100000,0x00000096b6200000)]
  0x000001f0feb49f70 JavaThread "Sweeper thread" daemon [_thread_blocked, id=31140, stack(0x00000096b6200000,0x00000096b6300000)]
  0x000001f0febec530 JavaThread "C1 CompilerThread1" daemon [_thread_blocked, id=42968, stack(0x00000096b6300000,0x00000096b6400000)]
  0x000001f0fec6d150 JavaThread "Common-Cleaner" daemon [_thread_blocked, id=43856, stack(0x00000096b6400000,0x00000096b6500000)]
  0x000001f0fed4f850 JavaThread "Notification Thread" daemon [_thread_blocked, id=36156, stack(0x00000096b6600000,0x00000096b6700000)]
  0x000001f0fff25920 JavaThread "C1 CompilerThread2" daemon [_thread_blocked, id=38332, stack(0x00000096b6a00000,0x00000096b6b00000)]
  0x000001f0915f7890 JavaThread "Daemon health stats" [_thread_blocked, id=37720, stack(0x00000096b8300000,0x00000096b8400000)]
  0x000001f0914540f0 JavaThread "Incoming local TCP Connector on port 53585" [_thread_in_native, id=22364, stack(0x00000096b8400000,0x00000096b8500000)]
  0x000001f091027e60 JavaThread "Daemon periodic checks" [_thread_blocked, id=44564, stack(0x00000096b8500000,0x00000096b8600000)]
  0x000001f090856c50 JavaThread "Daemon" [_thread_blocked, id=41460, stack(0x00000096b8600000,0x00000096b8700000)]
  0x000001f090858190 JavaThread "Handler for socket connection from /127.0.0.1:53585 to /127.0.0.1:53586" [_thread_in_native, id=31088, stack(0x00000096b8700000,0x00000096b8800000)]
  0x000001f091ba3430 JavaThread "Cancel handler" [_thread_blocked, id=40984, stack(0x00000096b8800000,0x00000096b8900000)]
  0x000001f091ba4770 JavaThread "Daemon worker" [_thread_blocked, id=40700, stack(0x00000096b8900000,0x00000096b8a00000)]
  0x000001f0fff21e80 JavaThread "Asynchronous log dispatcher for DefaultDaemonConnection: socket connection from /127.0.0.1:53585 to /127.0.0.1:53586" [_thread_blocked, id=22576, stack(0x00000096b8a00000,0x00000096b8b00000)]
  0x000001f0fff22e70 JavaThread "Stdin handler" [_thread_blocked, id=10372, stack(0x00000096b8b00000,0x00000096b8c00000)]
  0x000001f0fff22920 JavaThread "Daemon client event forwarder" [_thread_blocked, id=16408, stack(0x00000096b8c00000,0x00000096b8d00000)]
  0x000001f0fff20940 JavaThread "Cache worker for journal cache (C:\Users\Josh\.gradle\caches\journal-1)" [_thread_blocked, id=20020, stack(0x00000096b8d00000,0x00000096b8e00000)]
  0x000001f0fff20e90 JavaThread "File lock request listener" [_thread_in_native, id=24368, stack(0x00000096b8e00000,0x00000096b8f00000)]
  0x000001f0fff223d0 JavaThread "Cache worker for file hash cache (C:\Users\Josh\.gradle\caches\8.3\fileHashes)" [_thread_blocked, id=43804, stack(0x00000096b8f00000,0x00000096b9000000)]
  0x000001f0fff1fea0 JavaThread "File watcher server" daemon [_thread_in_native, id=3128, stack(0x00000096b9000000,0x00000096b9100000)]
  0x000001f0fff203f0 JavaThread "File watcher consumer" daemon [_thread_blocked, id=33572, stack(0x00000096b9100000,0x00000096b9200000)]
  0x000001f0924834b0 JavaThread "Cache worker for checksums cache (D:\Minecraft\Plugins\DeluxeMenus\.gradle\8.3\checksums)" [_thread_blocked, id=23836, stack(0x00000096b9300000,0x00000096b9400000)]
  0x000001f092488460 JavaThread "Cache worker for file hash cache (D:\Minecraft\Plugins\DeluxeMenus\.gradle\8.3\fileHashes)" [_thread_blocked, id=39244, stack(0x00000096b9800000,0x00000096b9900000)]
  0x000001f0924869d0 JavaThread "Cache worker for cache directory md-supplier (C:\Users\Josh\.gradle\caches\8.3\md-supplier)" [_thread_blocked, id=44000, stack(0x00000096b9900000,0x00000096b9a00000)]
  0x000001f092482a10 JavaThread "Cache worker for file content cache (C:\Users\Josh\.gradle\caches\8.3\fileContent)" [_thread_blocked, id=44172, stack(0x00000096b9a00000,0x00000096b9b00000)]
  0x000001f092485490 JavaThread "Cache worker for cache directory md-rule (C:\Users\Josh\.gradle\caches\8.3\md-rule)" [_thread_blocked, id=43104, stack(0x00000096b9b00000,0x00000096b9c00000)]
  0x000001f092481f70 JavaThread "Cache worker for execution history cache (C:\Users\Josh\.gradle\caches\8.3\executionHistory)" [_thread_blocked, id=15332, stack(0x00000096b9c00000,0x00000096b9d00000)]
  0x000001f092484f40 JavaThread "File lock release action executor" [_thread_blocked, id=35724, stack(0x00000096b9d00000,0x00000096b9e00000)]
  0x000001f092487470 JavaThread "jar transforms" [_thread_blocked, id=37944, stack(0x00000096b9e00000,0x00000096b9f00000)]
  0x000001f092486480 JavaThread "jar transforms Thread 2" [_thread_blocked, id=2180, stack(0x00000096b6500000,0x00000096b6600000)]
  0x000001f092486f20 JavaThread "jar transforms Thread 3" [_thread_blocked, id=39928, stack(0x00000096ba600000,0x00000096ba700000)]
  0x000001f0924859e0 JavaThread "jar transforms Thread 4" [_thread_blocked, id=30188, stack(0x00000096ba700000,0x00000096ba800000)]
  0x000001f0924849f0 JavaThread "Cache worker for kotlin-dsl (C:\Users\Josh\.gradle\caches\8.3\kotlin-dsl)" [_thread_blocked, id=40672, stack(0x00000096ba800000,0x00000096ba900000)]

Other Threads:
  0x000001f0feb14cb0 VMThread "VM Thread" [stack: 0x00000096b5900000,0x00000096b5a00000] [id=40812]
  0x000001f0fed59480 WatcherThread [stack: 0x00000096b6700000,0x00000096b6800000] [id=20276]
  0x000001f0cd592f80 GCTaskThread "GC Thread#0" [stack: 0x00000096b5400000,0x00000096b5500000] [id=44772]
  0x000001f0ffde6330 GCTaskThread "GC Thread#1" [stack: 0x00000096b6d00000,0x00000096b6e00000] [id=35452]
  0x000001f090c27580 GCTaskThread "GC Thread#2" [stack: 0x00000096b6e00000,0x00000096b6f00000] [id=39396]
  0x000001f0903a80a0 GCTaskThread "GC Thread#3" [stack: 0x00000096b6f00000,0x00000096b7000000] [id=43544]
  0x000001f0903a83b0 GCTaskThread "GC Thread#4" [stack: 0x00000096b7000000,0x00000096b7100000] [id=37960]
  0x000001f0903a86c0 GCTaskThread "GC Thread#5" [stack: 0x00000096b7100000,0x00000096b7200000] [id=32244]
  0x000001f0903a89d0 GCTaskThread "GC Thread#6" [stack: 0x00000096b7200000,0x00000096b7300000] [id=46152]
  0x000001f0911bdcd0 GCTaskThread "GC Thread#7" [stack: 0x00000096b7300000,0x00000096b7400000] [id=26208]
  0x000001f0911bdfe0 GCTaskThread "GC Thread#8" [stack: 0x00000096b7400000,0x00000096b7500000] [id=18076]
  0x000001f0911be6f0 GCTaskThread "GC Thread#9" [stack: 0x00000096b7500000,0x00000096b7600000] [id=43688]
  0x000001f0911bee10 GCTaskThread "GC Thread#10" [stack: 0x00000096b7600000,0x00000096b7700000] [id=29364]
  0x000001f0ff9e1cd0 GCTaskThread "GC Thread#11" [stack: 0x00000096b7700000,0x00000096b7800000] [id=34832]
  0x000001f0ff9e1fe0 GCTaskThread "GC Thread#12" [stack: 0x00000096b7800000,0x00000096b7900000] [id=6064]
  0x000001f0ff9e22f0 GCTaskThread "GC Thread#13" [stack: 0x00000096b7900000,0x00000096b7a00000] [id=16284]
  0x000001f090ed18a0 GCTaskThread "GC Thread#14" [stack: 0x00000096b7a00000,0x00000096b7b00000] [id=4472]
  0x000001f090ed21d0 GCTaskThread "GC Thread#15" [stack: 0x00000096b7b00000,0x00000096b7c00000] [id=38296]
  0x000001f090ed1bb0 GCTaskThread "GC Thread#16" [stack: 0x00000096b7c00000,0x00000096b7d00000] [id=42028]
=>0x000001f090ed1ec0 GCTaskThread "GC Thread#17" [stack: 0x00000096b7d00000,0x00000096b7e00000] [id=13892]
  0x000001f090ed0f70 GCTaskThread "GC Thread#18" [stack: 0x00000096b7e00000,0x00000096b7f00000] [id=36044]
  0x000001f090ed27f0 GCTaskThread "GC Thread#19" [stack: 0x00000096b7f00000,0x00000096b8000000] [id=31276]
  0x000001f090ed24e0 GCTaskThread "GC Thread#20" [stack: 0x00000096b8000000,0x00000096b8100000] [id=14308]
  0x000001f090ed2b00 GCTaskThread "GC Thread#21" [stack: 0x00000096b8100000,0x00000096b8200000] [id=29708]
  0x000001f090ed1280 GCTaskThread "GC Thread#22" [stack: 0x00000096b8200000,0x00000096b8300000] [id=40988]
  0x000001f0faf38000 ConcurrentGCThread "G1 Main Marker" [stack: 0x00000096b5500000,0x00000096b5600000] [id=35068]
  0x000001f0faf389f0 ConcurrentGCThread "G1 Conc#0" [stack: 0x00000096b5600000,0x00000096b5700000] [id=3588]
  0x000001f091c1dc10 ConcurrentGCThread "G1 Conc#1" [stack: 0x00000096b9200000,0x00000096b9300000] [id=29492]
  0x000001f091c1e230 ConcurrentGCThread "G1 Conc#2" [stack: 0x00000096b9400000,0x00000096b9500000] [id=4104]
  0x000001f091c1f7a0 ConcurrentGCThread "G1 Conc#3" [stack: 0x00000096b9500000,0x00000096b9600000] [id=37212]
  0x000001f091c1eb60 ConcurrentGCThread "G1 Conc#4" [stack: 0x00000096b9600000,0x00000096b9700000] [id=43772]
  0x000001f091c1d900 ConcurrentGCThread "G1 Conc#5" [stack: 0x00000096b9700000,0x00000096b9800000] [id=26316]
  0x000001f0fb11e010 ConcurrentGCThread "G1 Refine#0" [stack: 0x00000096b5700000,0x00000096b5800000] [id=42004]
  0x000001f0fb121640 ConcurrentGCThread "G1 Service" [stack: 0x00000096b5800000,0x00000096b5900000] [id=40760]

Threads with active compile tasks:

VM state: at safepoint (normal execution)

VM Mutex/Monitor currently owned by a thread:  ([mutex/lock_event])
[0x000001f0cd4d2420] Threads_lock - owner thread: 0x000001f0feb14cb0
[0x000001f0cd4d1c40] Heap_lock - owner thread: 0x000001f091ba4770

Heap address: 0x0000000404800000, size: 16312 MB, Compressed Oops mode: Zero based, Oop shift amount: 3

CDS archive(s) mapped at: [0x0000000800000000-0x0000000800bb0000-0x0000000800bb0000), size 12255232, SharedBaseAddress: 0x0000000800000000, ArchiveRelocationMode: 0.
Compressed class space mapped at: 0x0000000800c00000-0x0000000840c00000, reserved size: 1073741824
Narrow klass base: 0x0000000800000000, Narrow klass shift: 3, Narrow klass range: 0x100000000

GC Precious Log:
 CPUs: 32 total, 32 available
 Memory: 65243M
 Large Page Support: Disabled
 NUMA Support: Disabled
 Compressed Oops: Enabled (Zero based)
 Heap Region Size: 8M
 Heap Min Capacity: 8M
 Heap Initial Capacity: 1G
 Heap Max Capacity: 16312M
 Pre-touch: Disabled
 Parallel Workers: 23
 Concurrent Workers: 6
 Concurrent Refinement Workers: 23
 Periodic GC: Disabled

Heap:
 garbage-first heap   total 598016K, used 377732K [0x0000000404800000, 0x0000000800000000)
  region size 8192K, 43 young (352256K), 3 survivors (24576K)
 Metaspace       used 44891K, committed 45440K, reserved 1089536K
  class space    used 5799K, committed 6080K, reserved 1048576K

Heap Regions: E=young(eden), S=young(survivor), O=old, HS=humongous(starts), HC=humongous(continues), CS=collection set, F=free, OA=open archive, CA=closed archive, TAMS=top-at-mark-start (previous, next)
|   0|0x0000000404800000, 0x0000000405000000, 0x0000000405000000|100%| O|  |TAMS 0x0000000405000000, 0x0000000404800000| Untracked 
|   1|0x0000000405000000, 0x0000000405455c00, 0x0000000405800000| 54%| O|  |TAMS 0x0000000405455c00, 0x0000000405000000| Untracked 
|   2|0x0000000405800000, 0x0000000406000000, 0x0000000406000000|100%| O|  |TAMS 0x0000000405d2e400, 0x0000000405800000| Untracked 
|   3|0x0000000406000000, 0x0000000406800000, 0x0000000406800000|100%| O|  |TAMS 0x0000000406000000, 0x0000000406000000| Untracked 
|   4|0x0000000406800000, 0x00000004069d8a00, 0x0000000407000000| 23%| O|  |TAMS 0x0000000406800000, 0x0000000406800000| Untracked 
|   5|0x0000000407000000, 0x0000000407000000, 0x0000000407800000|  0%| F|  |TAMS 0x0000000407000000, 0x0000000407000000| Untracked 
|   6|0x0000000407800000, 0x0000000407800000, 0x0000000408000000|  0%| F|  |TAMS 0x0000000407800000, 0x0000000407800000| Untracked 
|   7|0x0000000408000000, 0x0000000408000000, 0x0000000408800000|  0%| F|  |TAMS 0x0000000408000000, 0x0000000408000000| Untracked 
|   8|0x0000000408800000, 0x0000000408800000, 0x0000000409000000|  0%| F|  |TAMS 0x0000000408800000, 0x0000000408800000| Untracked 
|   9|0x0000000409000000, 0x0000000409000000, 0x0000000409800000|  0%| F|  |TAMS 0x0000000409000000, 0x0000000409000000| Untracked 
|  10|0x0000000409800000, 0x0000000409800000, 0x000000040a000000|  0%| F|  |TAMS 0x0000000409800000, 0x0000000409800000| Untracked 
|  11|0x000000040a000000, 0x000000040a000000, 0x000000040a800000|  0%| F|  |TAMS 0x000000040a000000, 0x000000040a000000| Untracked 
|  12|0x000000040a800000, 0x000000040a800000, 0x000000040b000000|  0%| F|  |TAMS 0x000000040a800000, 0x000000040a800000| Untracked 
|  13|0x000000040b000000, 0x000000040b000000, 0x000000040b800000|  0%| F|  |TAMS 0x000000040b000000, 0x000000040b000000| Untracked 
|  14|0x000000040b800000, 0x000000040b800000, 0x000000040c000000|  0%| F|  |TAMS 0x000000040b800000, 0x000000040b800000| Untracked 
|  15|0x000000040c000000, 0x000000040c000000, 0x000000040c800000|  0%| F|  |TAMS 0x000000040c000000, 0x000000040c000000| Untracked 
|  16|0x000000040c800000, 0x000000040c800000, 0x000000040d000000|  0%| F|  |TAMS 0x000000040c800000, 0x000000040c800000| Untracked 
|  17|0x000000040d000000, 0x000000040d000000, 0x000000040d800000|  0%| F|  |TAMS 0x000000040d000000, 0x000000040d000000| Untracked 
|  18|0x000000040d800000, 0x000000040d800000, 0x000000040e000000|  0%| F|  |TAMS 0x000000040d800000, 0x000000040d800000| Untracked 
|  19|0x000000040e000000, 0x000000040e000000, 0x000000040e800000|  0%| F|  |TAMS 0x000000040e000000, 0x000000040e000000| Untracked 
|  20|0x000000040e800000, 0x000000040e800000, 0x000000040f000000|  0%| F|  |TAMS 0x000000040e800000, 0x000000040e800000| Untracked 
|  21|0x000000040f000000, 0x000000040f000000, 0x000000040f800000|  0%| F|  |TAMS 0x000000040f000000, 0x000000040f000000| Untracked 
|  22|0x000000040f800000, 0x000000040f800000, 0x0000000410000000|  0%| F|  |TAMS 0x000000040f800000, 0x000000040f800000| Untracked 
|  23|0x0000000410000000, 0x0000000410000000, 0x0000000410800000|  0%| F|  |TAMS 0x0000000410000000, 0x0000000410000000| Untracked 
|  24|0x0000000410800000, 0x0000000410800000, 0x0000000411000000|  0%| F|  |TAMS 0x0000000410800000, 0x0000000410800000| Untracked 
|  25|0x0000000411000000, 0x0000000411000000, 0x0000000411800000|  0%| F|  |TAMS 0x0000000411000000, 0x0000000411000000| Untracked 
|  26|0x0000000411800000, 0x0000000411800000, 0x0000000412000000|  0%| F|  |TAMS 0x0000000411800000, 0x0000000411800000| Untracked 
|  27|0x0000000412000000, 0x00000004122b2be0, 0x0000000412800000| 33%| E|CS|TAMS 0x0000000412000000, 0x0000000412000000| Complete 
|  28|0x0000000412800000, 0x0000000412a847c0, 0x0000000413000000| 31%| S|  |TAMS 0x0000000412800000, 0x0000000412800000| Complete 
|  29|0x0000000413000000, 0x0000000413800000, 0x0000000413800000|100%| E|CS|TAMS 0x0000000413000000, 0x0000000413000000| Complete 
|  30|0x0000000413800000, 0x0000000414000000, 0x0000000414000000|100%| E|CS|TAMS 0x0000000413800000, 0x0000000413800000| Complete 
|  31|0x0000000414000000, 0x0000000414800000, 0x0000000414800000|100%| S|  |TAMS 0x0000000414000000, 0x0000000414000000| Complete 
|  32|0x0000000414800000, 0x0000000415000000, 0x0000000415000000|100%| S|  |TAMS 0x0000000414800000, 0x0000000414800000| Complete 
|  33|0x0000000415000000, 0x0000000415800000, 0x0000000415800000|100%| E|CS|TAMS 0x0000000415000000, 0x0000000415000000| Complete 
|  34|0x0000000415800000, 0x0000000416000000, 0x0000000416000000|100%| E|CS|TAMS 0x0000000415800000, 0x0000000415800000| Complete 
|  35|0x0000000416000000, 0x0000000416800000, 0x0000000416800000|100%| E|CS|TAMS 0x0000000416000000, 0x0000000416000000| Complete 
|  36|0x0000000416800000, 0x0000000417000000, 0x0000000417000000|100%| E|CS|TAMS 0x0000000416800000, 0x0000000416800000| Complete 
|  37|0x0000000417000000, 0x0000000417800000, 0x0000000417800000|100%| E|CS|TAMS 0x0000000417000000, 0x0000000417000000| Complete 
|  38|0x0000000417800000, 0x0000000418000000, 0x0000000418000000|100%| E|CS|TAMS 0x0000000417800000, 0x0000000417800000| Complete 
|  39|0x0000000418000000, 0x0000000418800000, 0x0000000418800000|100%| E|CS|TAMS 0x0000000418000000, 0x0000000418000000| Complete 
|  40|0x0000000418800000, 0x0000000419000000, 0x0000000419000000|100%| E|CS|TAMS 0x0000000418800000, 0x0000000418800000| Complete 
|  41|0x0000000419000000, 0x0000000419800000, 0x0000000419800000|100%| E|CS|TAMS 0x0000000419000000, 0x0000000419000000| Complete 
|  42|0x0000000419800000, 0x000000041a000000, 0x000000041a000000|100%| E|CS|TAMS 0x0000000419800000, 0x0000000419800000| Complete 
|  43|0x000000041a000000, 0x000000041a800000, 0x000000041a800000|100%| E|CS|TAMS 0x000000041a000000, 0x000000041a000000| Complete 
|  44|0x000000041a800000, 0x000000041b000000, 0x000000041b000000|100%| E|CS|TAMS 0x000000041a800000, 0x000000041a800000| Complete 
|  45|0x000000041b000000, 0x000000041b800000, 0x000000041b800000|100%| E|CS|TAMS 0x000000041b000000, 0x000000041b000000| Complete 
|  46|0x000000041b800000, 0x000000041c000000, 0x000000041c000000|100%| E|CS|TAMS 0x000000041b800000, 0x000000041b800000| Complete 
|  47|0x000000041c000000, 0x000000041c800000, 0x000000041c800000|100%| E|CS|TAMS 0x000000041c000000, 0x000000041c000000| Complete 
|  48|0x000000041c800000, 0x000000041d000000, 0x000000041d000000|100%| E|CS|TAMS 0x000000041c800000, 0x000000041c800000| Complete 
|  49|0x000000041d000000, 0x000000041d800000, 0x000000041d800000|100%| E|CS|TAMS 0x000000041d000000, 0x000000041d000000| Complete 
|  50|0x000000041d800000, 0x000000041e000000, 0x000000041e000000|100%| E|CS|TAMS 0x000000041d800000, 0x000000041d800000| Complete 
|  51|0x000000041e000000, 0x000000041e800000, 0x000000041e800000|100%| E|CS|TAMS 0x000000041e000000, 0x000000041e000000| Complete 
|  52|0x000000041e800000, 0x000000041f000000, 0x000000041f000000|100%| E|CS|TAMS 0x000000041e800000, 0x000000041e800000| Complete 
|  53|0x000000041f000000, 0x000000041f800000, 0x000000041f800000|100%| E|CS|TAMS 0x000000041f000000, 0x000000041f000000| Complete 
|  54|0x000000041f800000, 0x0000000420000000, 0x0000000420000000|100%| E|CS|TAMS 0x000000041f800000, 0x000000041f800000| Complete 
|  55|0x0000000420000000, 0x0000000420800000, 0x0000000420800000|100%| E|CS|TAMS 0x0000000420000000, 0x0000000420000000| Complete 
|  56|0x0000000420800000, 0x0000000421000000, 0x0000000421000000|100%| E|CS|TAMS 0x0000000420800000, 0x0000000420800000| Complete 
|  57|0x0000000421000000, 0x0000000421800000, 0x0000000421800000|100%| E|CS|TAMS 0x0000000421000000, 0x0000000421000000| Complete 
|  58|0x0000000421800000, 0x0000000422000000, 0x0000000422000000|100%| E|CS|TAMS 0x0000000421800000, 0x0000000421800000| Complete 
|  59|0x0000000422000000, 0x0000000422800000, 0x0000000422800000|100%| E|CS|TAMS 0x0000000422000000, 0x0000000422000000| Complete 
|  60|0x0000000422800000, 0x0000000423000000, 0x0000000423000000|100%| E|CS|TAMS 0x0000000422800000, 0x0000000422800000| Complete 
|  61|0x0000000423000000, 0x0000000423800000, 0x0000000423800000|100%| E|CS|TAMS 0x0000000423000000, 0x0000000423000000| Complete 
|  62|0x0000000423800000, 0x0000000424000000, 0x0000000424000000|100%| E|CS|TAMS 0x0000000423800000, 0x0000000423800000| Complete 
|  63|0x0000000424000000, 0x0000000424800000, 0x0000000424800000|100%| E|CS|TAMS 0x0000000424000000, 0x0000000424000000| Complete 
|  64|0x0000000424800000, 0x0000000425000000, 0x0000000425000000|100%| E|CS|TAMS 0x0000000424800000, 0x0000000424800000| Complete 
|  65|0x0000000425000000, 0x0000000425800000, 0x0000000425800000|100%| E|CS|TAMS 0x0000000425000000, 0x0000000425000000| Complete 
|  66|0x0000000425800000, 0x0000000426000000, 0x0000000426000000|100%| E|CS|TAMS 0x0000000425800000, 0x0000000425800000| Complete 
|  67|0x0000000426000000, 0x0000000426800000, 0x0000000426800000|100%| E|CS|TAMS 0x0000000426000000, 0x0000000426000000| Complete 
|  68|0x0000000426800000, 0x0000000427000000, 0x0000000427000000|100%| E|CS|TAMS 0x0000000426800000, 0x0000000426800000| Complete 
|  69|0x0000000427000000, 0x0000000427800000, 0x0000000427800000|100%| E|CS|TAMS 0x0000000427000000, 0x0000000427000000| Complete 
| 121|0x0000000441000000, 0x0000000441800000, 0x0000000441800000|100%| E|CS|TAMS 0x0000000441000000, 0x0000000441000000| Complete 
| 122|0x0000000441800000, 0x0000000442000000, 0x0000000442000000|100%| E|CS|TAMS 0x0000000441800000, 0x0000000441800000| Complete 
| 127|0x0000000444000000, 0x0000000444800000, 0x0000000444800000|100%| E|CS|TAMS 0x0000000444000000, 0x0000000444000000| Complete 

Card table byte_map: [0x000001f0e6f40000,0x000001f0e8f20000] _byte_map_base: 0x000001f0e4f1c000

Marking Bits (Prev, Next): (CMBitMap*) 0x000001f0cd594580, (CMBitMap*) 0x000001f0cd5945c0
 Prev Bits: [0x000001f0eaf00000, 0x000001f0fade0000)
 Next Bits: [0x000001f080000000, 0x000001f08fee0000)

Polling page: 0x000001f0cb390000

Metaspace:

Usage:
  Non-class:     38.18 MB used.
      Class:      5.66 MB used.
       Both:     43.84 MB used.

Virtual space:
  Non-class space:       40.00 MB reserved,      38.44 MB ( 96%) committed,  5 nodes.
      Class space:        1.00 GB reserved,       5.94 MB ( <1%) committed,  1 nodes.
              Both:        1.04 GB reserved,      44.38 MB (  4%) committed. 

Chunk freelists:
   Non-Class:  1005.00 KB
       Class:  2.00 MB
        Both:  2.98 MB

MaxMetaspaceSize: 17179869184.00 GB
CompressedClassSpaceSize: 1.00 GB
 - commit_granule_bytes: 65536.
 - commit_granule_words: 8192.
 - virtual_space_node_default_size: 1048576.
 - enlarge_chunks_in_place: 1.
 - new_chunks_are_fully_committed: 0.
 - uncommit_free_chunks: 1.
 - use_allocation_guard: 0.
 - handle_deallocations: 1.


Internal statistics:

num_allocs_failed_limit: 6.
num_arena_births: 498.
num_arena_deaths: 0.
num_vsnodes_births: 6.
num_vsnodes_deaths: 0.
num_space_committed: 710.
num_space_uncommitted: 0.
num_chunks_returned_to_freelist: 6.
num_chunks_taken_from_freelist: 2029.
num_chunk_merges: 6.
num_chunk_splits: 1421.
num_chunks_enlarged: 1059.
num_purges: 0.

CodeHeap 'non-profiled nmethods': size=118848Kb used=4670Kb max_used=4670Kb free=114177Kb
 bounds [0x000001f0dc830000, 0x000001f0dccc0000, 0x000001f0e3c40000]
CodeHeap 'profiled nmethods': size=118848Kb used=12929Kb max_used=12929Kb free=105918Kb
 bounds [0x000001f0d5420000, 0x000001f0d60d0000, 0x000001f0dc830000]
CodeHeap 'non-nmethods': size=8064Kb used=3468Kb max_used=4681Kb free=4595Kb
 bounds [0x000001f0d4c40000, 0x000001f0d50e0000, 0x000001f0d5420000]
 total_blobs=6848 nmethods=5995 adapters=763
 compilation: enabled
              stopped_count=0, restarted_count=0
 full_count=0

Compilation events (20 events):
Event: 9.144 Thread 0x000001f0fff25920 6825       3       org.gradle.kotlin.dsl.codegen.MappedApiFunctionParameter::<init> (128 bytes)
Event: 9.144 Thread 0x000001f0feb3f600 6826       3       org.gradle.kotlin.dsl.codegen.ApiFunctionParameter::getName (15 bytes)
Event: 9.144 Thread 0x000001f0febec530 6827       3       org.gradle.kotlin.dsl.codegen.ApiFunctionParameter$name$2::invoke (5 bytes)
Event: 9.144 Thread 0x000001f0feb3f600 nmethod 6826 0x000001f0d60ba490 code [0x000001f0d60ba640, 0x000001f0d60ba928]
Event: 9.144 Thread 0x000001f0febec530 nmethod 6827 0x000001f0d60baa10 code [0x000001f0d60babe0, 0x000001f0d60baf48]
Event: 9.144 Thread 0x000001f0feb3f600 6828       3       org.gradle.kotlin.dsl.codegen.ApiFunctionParameter$name$2::invoke (16 bytes)
Event: 9.144 Thread 0x000001f0febec530 6829       3       org.gradle.kotlin.dsl.codegen.ApiTypeProviderKt$apiFunctionParametersFor$2$1$1::invoke (5 bytes)
Event: 9.144 Thread 0x000001f0febec530 nmethod 6829 0x000001f0d60bb090 code [0x000001f0d60bb240, 0x000001f0d60bb388]
Event: 9.144 Thread 0x000001f0febec530 6830       3       org.gradle.kotlin.dsl.codegen.ApiTypeProviderKt$apiFunctionParametersFor$2$1$1::invoke (64 bytes)
Event: 9.144 Thread 0x000001f0feb3f600 nmethod 6828 0x000001f0d60bb410 code [0x000001f0d60bb5c0, 0x000001f0d60bb8a8]
Event: 9.144 Thread 0x000001f0feb3f600 6831       3       org.gradle.kotlin.dsl.codegen.ApiTypeProviderKt::access$apiFunctionParametersFor$lambda$9$lambda$7 (5 bytes)
Event: 9.145 Thread 0x000001f0feb3f600 nmethod 6831 0x000001f0d60bb990 code [0x000001f0d60bbb40, 0x000001f0d60bbe68]
Event: 9.145 Thread 0x000001f0feb3f600 6832       3       org.gradle.kotlin.dsl.codegen.ApiTypeProviderKt::apiFunctionParametersFor$lambda$9$lambda$7 (12 bytes)
Event: 9.145 Thread 0x000001f0feb3f600 nmethod 6832 0x000001f0d60bbf90 code [0x000001f0d60bc140, 0x000001f0d60bc408]
Event: 9.145 Thread 0x000001f0febec530 nmethod 6830 0x000001f0d60bc510 code [0x000001f0d60bc720, 0x000001f0d60bcfa8]
Event: 9.145 Thread 0x000001f0feb3f600 6833       3       kotlin.text.StringsKt__AppendableKt::appendElement (102 bytes)
Event: 9.145 Thread 0x000001f0fff25920 nmethod 6825 0x000001f0d60bd210 code [0x000001f0d60bd520, 0x000001f0d60be4d8]
Event: 9.145 Thread 0x000001f0feb3f600 nmethod 6833 0x000001f0d60bea10 code [0x000001f0d60bed00, 0x000001f0d60c00b8]
Event: 9.225 Thread 0x000001f0feb36fe0 6834       4       org.gradle.kotlin.dsl.codegen.ApiTypeProvider$type$1$1::apply (9 bytes)
Event: 9.282 Thread 0x000001f0feb36fe0 nmethod 6834 0x000001f0dccb6990 code [0x000001f0dccb6ee0, 0x000001f0dccbd0a8]

GC Heap History (20 events):
Event: 2.655 GC heap after
{Heap after GC invocations=7 (full 0):
 garbage-first heap   total 139264K, used 31680K [0x0000000404800000, 0x0000000800000000)
  region size 8192K, 2 young (16384K), 2 survivors (16384K)
 Metaspace       used 35208K, committed 35520K, reserved 1081344K
  class space    used 4841K, committed 4992K, reserved 1048576K
}
Event: 2.825 GC heap before
{Heap before GC invocations=8 (full 0):
 garbage-first heap   total 139264K, used 80832K [0x0000000404800000, 0x0000000800000000)
  region size 8192K, 8 young (65536K), 2 survivors (16384K)
 Metaspace       used 36187K, committed 36480K, reserved 1081344K
  class space    used 4986K, committed 5120K, reserved 1048576K
}
Event: 2.831 GC heap after
{Heap after GC invocations=9 (full 0):
 garbage-first heap   total 139264K, used 34477K [0x0000000404800000, 0x0000000800000000)
  region size 8192K, 1 young (8192K), 1 survivors (8192K)
 Metaspace       used 36187K, committed 36480K, reserved 1081344K
  class space    used 4986K, committed 5120K, reserved 1048576K
}
Event: 2.925 GC heap before
{Heap before GC invocations=9 (full 0):
 garbage-first heap   total 139264K, used 91821K [0x0000000404800000, 0x0000000800000000)
  region size 8192K, 8 young (65536K), 1 survivors (8192K)
 Metaspace       used 36259K, committed 36544K, reserved 1081344K
  class space    used 4991K, committed 5120K, reserved 1048576K
}
Event: 2.929 GC heap after
{Heap after GC invocations=10 (full 0):
 garbage-first heap   total 598016K, used 37655K [0x0000000404800000, 0x0000000800000000)
  region size 8192K, 1 young (8192K), 1 survivors (8192K)
 Metaspace       used 36259K, committed 36544K, reserved 1081344K
  class space    used 4991K, committed 5120K, reserved 1048576K
}
Event: 7.433 GC heap before
{Heap before GC invocations=10 (full 0):
 garbage-first heap   total 598016K, used 381719K [0x0000000404800000, 0x0000000800000000)
  region size 8192K, 43 young (352256K), 1 survivors (8192K)
 Metaspace       used 43503K, committed 43968K, reserved 1089536K
  class space    used 5667K, committed 5888K, reserved 1048576K
}
Event: 7.436 GC heap after
{Heap after GC invocations=11 (full 0):
 garbage-first heap   total 598016K, used 42420K [0x0000000404800000, 0x0000000800000000)
  region size 8192K, 2 young (16384K), 2 survivors (16384K)
 Metaspace       used 43503K, committed 43968K, reserved 1089536K
  class space    used 5667K, committed 5888K, reserved 1048576K
}
Event: 7.750 GC heap before
{Heap before GC invocations=11 (full 0):
 garbage-first heap   total 598016K, used 378292K [0x0000000404800000, 0x0000000800000000)
  region size 8192K, 43 young (352256K), 2 survivors (16384K)
 Metaspace       used 43561K, committed 44032K, reserved 1089536K
  class space    used 5667K, committed 5888K, reserved 1048576K
}
Event: 7.753 GC heap after
{Heap after GC invocations=12 (full 0):
 garbage-first heap   total 598016K, used 43432K [0x0000000404800000, 0x0000000800000000)
  region size 8192K, 2 young (16384K), 2 survivors (16384K)
 Metaspace       used 43561K, committed 44032K, reserved 1089536K
  class space    used 5667K, committed 5888K, reserved 1048576K
}
Event: 8.034 GC heap before
{Heap before GC invocations=12 (full 0):
 garbage-first heap   total 598016K, used 379304K [0x0000000404800000, 0x0000000800000000)
  region size 8192K, 43 young (352256K), 2 survivors (16384K)
 Metaspace       used 43568K, committed 44032K, reserved 1089536K
  class space    used 5667K, committed 5888K, reserved 1048576K
}
Event: 8.036 GC heap after
{Heap after GC invocations=13 (full 0):
 garbage-first heap   total 598016K, used 44727K [0x0000000404800000, 0x0000000800000000)
  region size 8192K, 2 young (16384K), 2 survivors (16384K)
 Metaspace       used 43568K, committed 44032K, reserved 1089536K
  class space    used 5667K, committed 5888K, reserved 1048576K
}
Event: 8.321 GC heap before
{Heap before GC invocations=13 (full 0):
 garbage-first heap   total 598016K, used 380599K [0x0000000404800000, 0x0000000800000000)
  region size 8192K, 43 young (352256K), 2 survivors (16384K)
 Metaspace       used 43570K, committed 44032K, reserved 1089536K
  class space    used 5667K, committed 5888K, reserved 1048576K
}
Event: 8.324 GC heap after
{Heap after GC invocations=14 (full 0):
 garbage-first heap   total 598016K, used 46315K [0x0000000404800000, 0x0000000800000000)
  region size 8192K, 2 young (16384K), 2 survivors (16384K)
 Metaspace       used 43570K, committed 44032K, reserved 1089536K
  class space    used 5667K, committed 5888K, reserved 1048576K
}
Event: 8.613 GC heap before
{Heap before GC invocations=14 (full 0):
 garbage-first heap   total 598016K, used 382187K [0x0000000404800000, 0x0000000800000000)
  region size 8192K, 43 young (352256K), 2 survivors (16384K)
 Metaspace       used 44876K, committed 45440K, reserved 1089536K
  class space    used 5799K, committed 6080K, reserved 1048576K
}
Event: 8.615 GC heap after
{Heap after GC invocations=15 (full 0):
 garbage-first heap   total 598016K, used 47526K [0x0000000404800000, 0x0000000800000000)
  region size 8192K, 3 young (24576K), 3 survivors (24576K)
 Metaspace       used 44876K, committed 45440K, reserved 1089536K
  class space    used 5799K, committed 6080K, reserved 1048576K
}
Event: 8.874 GC heap before
{Heap before GC invocations=15 (full 0):
 garbage-first heap   total 598016K, used 375206K [0x0000000404800000, 0x0000000800000000)
  region size 8192K, 43 young (352256K), 3 survivors (24576K)
 Metaspace       used 44885K, committed 45440K, reserved 1089536K
  class space    used 5799K, committed 6080K, reserved 1048576K
}
Event: 8.877 GC heap after
{Heap after GC invocations=16 (full 0):
 garbage-first heap   total 598016K, used 48721K [0x0000000404800000, 0x0000000800000000)
  region size 8192K, 3 young (24576K), 3 survivors (24576K)
 Metaspace       used 44885K, committed 45440K, reserved 1089536K
  class space    used 5799K, committed 6080K, reserved 1048576K
}
Event: 9.120 GC heap before
{Heap before GC invocations=16 (full 0):
 garbage-first heap   total 598016K, used 376401K [0x0000000404800000, 0x0000000800000000)
  region size 8192K, 43 young (352256K), 3 survivors (24576K)
 Metaspace       used 44885K, committed 45440K, reserved 1089536K
  class space    used 5799K, committed 6080K, reserved 1048576K
}
Event: 9.123 GC heap after
{Heap after GC invocations=17 (full 0):
 garbage-first heap   total 598016K, used 50052K [0x0000000404800000, 0x0000000800000000)
  region size 8192K, 3 young (24576K), 3 survivors (24576K)
 Metaspace       used 44885K, committed 45440K, reserved 1089536K
  class space    used 5799K, committed 6080K, reserved 1048576K
}
Event: 9.375 GC heap before
{Heap before GC invocations=17 (full 0):
 garbage-first heap   total 598016K, used 377732K [0x0000000404800000, 0x0000000800000000)
  region size 8192K, 43 young (352256K), 3 survivors (24576K)
 Metaspace       used 44891K, committed 45440K, reserved 1089536K
  class space    used 5799K, committed 6080K, reserved 1048576K
}

Deoptimization events (20 events):
Event: 8.403 Thread 0x000001f091ba4770 Uncommon trap: trap_request=0xffffff45 fr.pc=0x000001f0dc852298 relative=0x0000000000000378
Event: 8.403 Thread 0x000001f091ba4770 Uncommon trap: reason=unstable_if action=reinterpret pc=0x000001f0dc852298 method=java.lang.StringUTF16.compress([CII)[B @ 13 c2
Event: 8.403 Thread 0x000001f091ba4770 DEOPT PACKING pc=0x000001f0dc852298 sp=0x00000096b89f53d0
Event: 8.403 Thread 0x000001f091ba4770 DEOPT UNPACKING pc=0x000001f0d4c8d72e sp=0x00000096b89f5298 mode 2
Event: 8.419 Thread 0x000001f091ba4770 DEOPT PACKING pc=0x000001f0d5c7acb1 sp=0x00000096b89f77c0
Event: 8.419 Thread 0x000001f091ba4770 DEOPT UNPACKING pc=0x000001f0d4c8dece sp=0x00000096b89f6c18 mode 0
Event: 8.419 Thread 0x000001f091ba4770 DEOPT PACKING pc=0x000001f0d5c7acb1 sp=0x00000096b89f77c0
Event: 8.419 Thread 0x000001f091ba4770 DEOPT UNPACKING pc=0x000001f0d4c8dece sp=0x00000096b89f6c18 mode 0
Event: 8.546 Thread 0x000001f091ba4770 Uncommon trap: trap_request=0xffffff45 fr.pc=0x000001f0dc8b6574 relative=0x00000000000006b4
Event: 8.546 Thread 0x000001f091ba4770 Uncommon trap: reason=unstable_if action=reinterpret pc=0x000001f0dc8b6574 method=org.jetbrains.org.objectweb.asm.ClassReader.readUtf(II[C)Ljava/lang/String; @ 41 c2
Event: 8.546 Thread 0x000001f091ba4770 DEOPT PACKING pc=0x000001f0dc8b6574 sp=0x00000096b89f8180
Event: 8.546 Thread 0x000001f091ba4770 DEOPT UNPACKING pc=0x000001f0d4c8d72e sp=0x00000096b89f8098 mode 2
Event: 8.648 Thread 0x000001f091ba4770 Uncommon trap: trap_request=0xffffff45 fr.pc=0x000001f0dcc33b24 relative=0x00000000000053e4
Event: 8.648 Thread 0x000001f091ba4770 Uncommon trap: reason=unstable_if action=reinterpret pc=0x000001f0dcc33b24 method=org.jetbrains.org.objectweb.asm.ClassReader.accept(Lorg/jetbrains/org/objectweb/asm/ClassVisitor;[Lorg/jetbrains/org/objectweb/asm/Attribute;I)V @ 441 c2
Event: 8.648 Thread 0x000001f091ba4770 DEOPT PACKING pc=0x000001f0dcc33b24 sp=0x00000096b89f85f0
Event: 8.648 Thread 0x000001f091ba4770 DEOPT UNPACKING pc=0x000001f0d4c8d72e sp=0x00000096b89f8548 mode 2
Event: 8.669 Thread 0x000001f091ba4770 Uncommon trap: trap_request=0xffffff45 fr.pc=0x000001f0dcc38b50 relative=0x0000000000000210
Event: 8.669 Thread 0x000001f091ba4770 Uncommon trap: reason=unstable_if action=reinterpret pc=0x000001f0dcc38b50 method=org.jetbrains.org.objectweb.asm.Type.getTypeInternal(Ljava/lang/String;II)Lorg/jetbrains/org/objectweb/asm/Type; @ 5 c2
Event: 8.669 Thread 0x000001f091ba4770 DEOPT PACKING pc=0x000001f0dcc38b50 sp=0x00000096b89f7fd0
Event: 8.669 Thread 0x000001f091ba4770 DEOPT UNPACKING pc=0x000001f0d4c8d72e sp=0x00000096b89f7f68 mode 2

Classes unloaded (0 events):
No events

Classes redefined (0 events):
No events

Internal exceptions (20 events):
Event: 3.868 Thread 0x000001f091ba4770 Exception <a 'java/lang/NoSuchMethodError'{0x0000000424b4e2a8}: 'java.lang.Object java.lang.invoke.DirectMethodHandle$Holder.newInvokeSpecial(java.lang.Object, java.lang.Object, int, int)'> (0x0000000424b4e2a8) 
thrown [t:\workspace\open\src\hotspot\share\interpreter\linkResolver.cpp, line 790]
Event: 3.874 Thread 0x000001f091ba4770 Exception <a 'sun/nio/fs/WindowsException'{0x0000000424bbfbb0}> (0x0000000424bbfbb0) 
thrown [t:\workspace\open\src\hotspot\share\prims\jni.cpp, line 579]
Event: 3.874 Thread 0x000001f091ba4770 Exception <a 'sun/nio/fs/WindowsException'{0x0000000424bc1158}> (0x0000000424bc1158) 
thrown [t:\workspace\open\src\hotspot\share\prims\jni.cpp, line 579]
Event: 3.874 Thread 0x000001f091ba4770 Exception <a 'sun/nio/fs/WindowsException'{0x0000000424bc26d0}> (0x0000000424bc26d0) 
thrown [t:\workspace\open\src\hotspot\share\prims\jni.cpp, line 579]
Event: 3.875 Thread 0x000001f091ba4770 Exception <a 'sun/nio/fs/WindowsException'{0x0000000424bc3c68}> (0x0000000424bc3c68) 
thrown [t:\workspace\open\src\hotspot\share\prims\jni.cpp, line 579]
Event: 3.885 Thread 0x000001f091ba4770 Exception <a 'java/lang/NoSuchMethodError'{0x0000000424cd6158}: 'java.lang.Object java.lang.invoke.Invokers$Holder.invoker(java.lang.Object, java.lang.Object, java.lang.Object, java.lang.Object, java.lang.Object, java.lang.Object, java.lang.Object, java.lang.Object, java.lang.Object)'> (0x0000000424cd6158) 
thrown [t:\workspace\open\src\hotspot\share\interpreter\linkResolver.cpp, line 790]
Event: 3.891 Thread 0x000001f091ba4770 Exception <a 'java/lang/NoSuchMethodError'{0x0000000424d93c80}: 'java.lang.Object java.lang.invoke.Invokers$Holder.invoker(java.lang.Object, java.lang.Object, java.lang.Object, java.lang.Object)'> (0x0000000424d93c80) 
thrown [t:\workspace\open\src\hotspot\share\interpreter\linkResolver.cpp, line 790]
Event: 3.903 Thread 0x000001f091ba4770 Exception <a 'java/lang/NoSuchMethodError'{0x0000000424e4de78}: 'java.lang.Object java.lang.invoke.DelegatingMethodHandle$Holder.reinvoke_L(java.lang.Object, java.lang.Object, java.lang.Object, java.lang.Object, java.lang.Object, java.lang.Object, java.lang.Object, java.lang.Object, java.lang.Object, java.lang.Object, java.lang.Object, java.lang.Object, java.lang.Object, java.lang.Object, java.lang.Object, java.lang.Object, java.lang.Object, java.lang.Object, java.lang.Object, java.lang.Object, java.lang.O
Event: 3.903 Thread 0x000001f091ba4770 Exception <a 'java/lang/NoSuchMethodError'{0x0000000424e59650}: 'java.lang.Object java.lang.invoke.Invokers$Holder.invoker(java.lang.Object, java.lang.Object, java.lang.Object, java.lang.Object, java.lang.Object, java.lang.Object, java.lang.Object, java.lang.Object, java.lang.Object, java.lang.Object, java.lang.Object, java.lang.Object, java.lang.Object, java.lang.Object, java.lang.Object, java.lang.Object, java.lang.Object, java.lang.Object, java.lang.Object, java.lang.Object, java.lang.Object, java.lang.
Event: 3.903 Thread 0x000001f091ba4770 Exception <a 'java/lang/NoSuchMethodError'{0x0000000424e60438}: 'java.lang.Object java.lang.invoke.DelegatingMethodHandle$Holder.delegate(java.lang.Object, java.lang.Object, java.lang.Object, java.lang.Object, java.lang.Object, java.lang.Object, java.lang.Object, java.lang.Object, java.lang.Object, java.lang.Object, java.lang.Object, java.lang.Object, java.lang.Object, java.lang.Object, java.lang.Object, java.lang.Object, java.lang.Object, java.lang.Object, java.lang.Object, java.lang.Object, java.lang.Obj
Event: 3.908 Thread 0x000001f091ba4770 Exception <a 'java/lang/NoSuchMethodError'{0x0000000424edbaf8}: 'java.lang.Object java.lang.invoke.DirectMethodHandle$Holder.invokeStatic(java.lang.Object, java.lang.Object, java.lang.Object, java.lang.Object, java.lang.Object, java.lang.Object, java.lang.Object, java.lang.Object, java.lang.Object, java.lang.Object, java.lang.Object, java.lang.Object, java.lang.Object, java.lang.Object, java.lang.Object, java.lang.Object, java.lang.Object)'> (0x0000000424edbaf8) 
thrown [t:\workspace\open\src\hotspot\share
Event: 3.909 Thread 0x000001f091ba4770 Exception <a 'java/lang/NoSuchMethodError'{0x0000000424f05340}: 'java.lang.Object java.lang.invoke.DirectMethodHandle$Holder.invokeStatic(java.lang.Object, java.lang.Object, java.lang.Object, java.lang.Object, java.lang.Object, java.lang.Object, java.lang.Object, java.lang.Object, java.lang.Object, java.lang.Object, java.lang.Object, java.lang.Object, java.lang.Object, java.lang.Object, java.lang.Object, java.lang.Object, java.lang.Object, java.lang.Object)'> (0x0000000424f05340) 
thrown [t:\workspace\open
Event: 3.911 Thread 0x000001f091ba4770 Exception <a 'java/lang/NoSuchMethodError'{0x0000000424f2fb28}: 'java.lang.Object java.lang.invoke.DirectMethodHandle$Holder.invokeStatic(java.lang.Object, java.lang.Object, java.lang.Object, java.lang.Object, java.lang.Object, java.lang.Object, java.lang.Object, java.lang.Object, java.lang.Object, java.lang.Object, java.lang.Object, java.lang.Object, java.lang.Object, java.lang.Object, java.lang.Object, java.lang.Object, java.lang.Object, java.lang.Object, java.lang.Object)'> (0x0000000424f2fb28) 
thrown 
Event: 3.912 Thread 0x000001f091ba4770 Exception <a 'java/lang/NoSuchMethodError'{0x0000000424f5b0b0}: 'java.lang.Object java.lang.invoke.DirectMethodHandle$Holder.invokeStatic(java.lang.Object, java.lang.Object, java.lang.Object, java.lang.Object, java.lang.Object, java.lang.Object, java.lang.Object, java.lang.Object, java.lang.Object, java.lang.Object, java.lang.Object, java.lang.Object, java.lang.Object, java.lang.Object, java.lang.Object, java.lang.Object, java.lang.Object, java.lang.Object, java.lang.Object, java.lang.Object)'> (0x00000004
Event: 3.914 Thread 0x000001f091ba4770 Exception <a 'java/lang/NoSuchMethodError'{0x0000000424f876d0}: 'java.lang.Object java.lang.invoke.DirectMethodHandle$Holder.invokeStatic(java.lang.Object, java.lang.Object, java.lang.Object, java.lang.Object, java.lang.Object, java.lang.Object, java.lang.Object, java.lang.Object, java.lang.Object, java.lang.Object, java.lang.Object, java.lang.Object, java.lang.Object, java.lang.Object, java.lang.Object, java.lang.Object, java.lang.Object, java.lang.Object, java.lang.Object, java.lang.Object, java.lang.Obj
Event: 3.915 Thread 0x000001f091ba4770 Exception <a 'java/lang/NoSuchMethodError'{0x0000000424fb4710}: 'java.lang.Object java.lang.invoke.DirectMethodHandle$Holder.invokeStatic(java.lang.Object, java.lang.Object, java.lang.Object, java.lang.Object, java.lang.Object, java.lang.Object, java.lang.Object, java.lang.Object, java.lang.Object, java.lang.Object, java.lang.Object, java.lang.Object, java.lang.Object, java.lang.Object, java.lang.Object, java.lang.Object, java.lang.Object, java.lang.Object, java.lang.Object, java.lang.Object, java.lang.Obj
Event: 3.917 Thread 0x000001f091ba4770 Exception <a 'java/lang/NoSuchMethodError'{0x0000000424fe28b8}: 'java.lang.Object java.lang.invoke.DirectMethodHandle$Holder.invokeStatic(java.lang.Object, java.lang.Object, java.lang.Object, java.lang.Object, java.lang.Object, java.lang.Object, java.lang.Object, java.lang.Object, java.lang.Object, java.lang.Object, java.lang.Object, java.lang.Object, java.lang.Object, java.lang.Object, java.lang.Object, java.lang.Object, java.lang.Object, java.lang.Object, java.lang.Object, java.lang.Object, java.lang.Obj
Event: 3.919 Thread 0x000001f091ba4770 Exception <a 'java/lang/NoSuchMethodError'{0x0000000424013130}: 'java.lang.Object java.lang.invoke.DirectMethodHandle$Holder.invokeStatic(java.lang.Object, java.lang.Object, java.lang.Object, java.lang.Object, java.lang.Object, java.lang.Object, java.lang.Object, java.lang.Object, java.lang.Object, java.lang.Object, java.lang.Object, java.lang.Object, java.lang.Object, java.lang.Object, java.lang.Object, java.lang.Object, java.lang.Object, java.lang.Object, java.lang.Object, java.lang.Object, java.lang.Obj
Event: 3.921 Thread 0x000001f091ba4770 Exception <a 'java/lang/NoSuchMethodError'{0x0000000424044a88}: 'java.lang.Object java.lang.invoke.DirectMethodHandle$Holder.invokeStatic(java.lang.Object, java.lang.Object, java.lang.Object, java.lang.Object, java.lang.Object, java.lang.Object, java.lang.Object, java.lang.Object, java.lang.Object, java.lang.Object, java.lang.Object, java.lang.Object, java.lang.Object, java.lang.Object, java.lang.Object, java.lang.Object, java.lang.Object, java.lang.Object, java.lang.Object, java.lang.Object, java.lang.Obj
Event: 8.399 Thread 0x000001f091ba4770 Implicit null exception at 0x000001f0dca1962c to 0x000001f0dca197ed

Events (20 events):
Event: 8.412 loading class java/util/Base64$Encoder done
Event: 8.414 loading class sun/security/rsa/RSASignature$SHA256withRSA
Event: 8.414 loading class sun/security/rsa/RSASignature$SHA256withRSA done
Event: 8.414 loading class sun/security/provider/DSA$SHA256withDSA
Event: 8.414 loading class sun/security/provider/DSA$SHA256withDSA done
Event: 8.418 Thread 0x000001f091efde00 Thread added: 0x000001f091efde00
Event: 8.419 loading class java/util/jar/JarVerifier$VerifierStream
Event: 8.419 loading class java/util/jar/JarVerifier$VerifierStream done
Event: 8.419 loading class sun/security/util/ManifestEntryVerifier$SunProviderHolder
Event: 8.419 loading class sun/security/util/ManifestEntryVerifier$SunProviderHolder done
Event: 8.603 Thread 0x000001f091efde00 Thread exited: 0x000001f091efde00
Event: 8.613 Executing  VM operation: G1CollectForAllocation
Event: 8.615 Executing  VM operation: G1CollectForAllocation done
Event: 8.874 Executing  VM operation: G1CollectForAllocation
Event: 8.877 Executing  VM operation: G1CollectForAllocation done
Event: 8.896 Thread 0x000001f091efcd50 Thread exited: 0x000001f091efcd50
Event: 9.120 Executing  VM operation: G1CollectForAllocation
Event: 9.123 Executing  VM operation: G1CollectForAllocation done
Event: 9.225 Thread 0x000001f091efbca0 Thread exited: 0x000001f091efbca0
Event: 9.375 Executing  VM operation: G1CollectForAllocation


Dynamic libraries:
0x00007ff759710000 - 0x00007ff759720000 	C:\Program Files\Java\jdk-16.0.2\bin\java.exe
0x00007ffa421b0000 - 0x00007ffa423c7000 	C:\Windows\SYSTEM32\ntdll.dll
0x00007ffa10bb0000 - 0x00007ffa10bc9000 	C:\Program Files\Avast Software\Avast\aswhook.dll
0x00007ffa40dc0000 - 0x00007ffa40e84000 	C:\Windows\System32\KERNEL32.DLL
0x00007ffa3f4d0000 - 0x00007ffa3f877000 	C:\Windows\System32\KERNELBASE.dll
0x00007ffa3f880000 - 0x00007ffa3f991000 	C:\Windows\System32\ucrtbase.dll
0x00007ffa26bc0000 - 0x00007ffa26bd8000 	C:\Program Files\Java\jdk-16.0.2\bin\jli.dll
0x00007ffa24680000 - 0x00007ffa24699000 	C:\Program Files\Java\jdk-16.0.2\bin\VCRUNTIME140.dll
0x00007ffa40410000 - 0x00007ffa404c2000 	C:\Windows\System32\ADVAPI32.dll
0x00007ffa41b40000 - 0x00007ffa41be7000 	C:\Windows\System32\msvcrt.dll
0x00007ffa40360000 - 0x00007ffa40408000 	C:\Windows\System32\sechost.dll
0x00007ffa3fdc0000 - 0x00007ffa3fde8000 	C:\Windows\System32\bcrypt.dll
0x00007ffa41940000 - 0x00007ffa41a55000 	C:\Windows\System32\RPCRT4.dll
0x00007ffa41bf0000 - 0x00007ffa41d9e000 	C:\Windows\System32\USER32.dll
0x00007ffa3feb0000 - 0x00007ffa3fed6000 	C:\Windows\System32\win32u.dll
0x00007ffa414d0000 - 0x00007ffa414f9000 	C:\Windows\System32\GDI32.dll
0x00007ffa3fc20000 - 0x00007ffa3fd39000 	C:\Windows\System32\gdi32full.dll
0x00007ffa0fa70000 - 0x00007ffa0fd03000 	C:\Windows\WinSxS\amd64_microsoft.windows.common-controls_6595b64144ccf1df_6.0.22621.3527_none_270e469b73872a76\COMCTL32.dll
0x00007ffa3fb80000 - 0x00007ffa3fc1a000 	C:\Windows\System32\msvcp_win.dll
0x00007ffa38550000 - 0x00007ffa3855a000 	C:\Windows\SYSTEM32\VERSION.dll
0x00007ffa41480000 - 0x00007ffa414b1000 	C:\Windows\System32\IMM32.DLL
0x00007ffa25710000 - 0x00007ffa2571c000 	C:\Program Files\Java\jdk-16.0.2\bin\vcruntime140_1.dll
0x00007ffa030e0000 - 0x00007ffa03171000 	C:\Program Files\Java\jdk-16.0.2\bin\msvcp140.dll
0x00007ff970330000 - 0x00007ff970edb000 	C:\Program Files\Java\jdk-16.0.2\bin\server\jvm.dll
0x00007ffa404d0000 - 0x00007ffa404d8000 	C:\Windows\System32\PSAPI.DLL
0x00007ffa323d0000 - 0x00007ffa32404000 	C:\Windows\SYSTEM32\WINMM.dll
0x00007ffa31ef0000 - 0x00007ffa31ef9000 	C:\Windows\SYSTEM32\WSOCK32.dll
0x00007ffa40d40000 - 0x00007ffa40db1000 	C:\Windows\System32\WS2_32.dll
0x00007ffa3e5a0000 - 0x00007ffa3e5b8000 	C:\Windows\SYSTEM32\kernel.appcore.dll
0x00007ffa24e00000 - 0x00007ffa24e0a000 	C:\Program Files\Java\jdk-16.0.2\bin\jimage.dll
0x00007ffa3c920000 - 0x00007ffa3cb52000 	C:\Windows\SYSTEM32\DBGHELP.DLL
0x00007ffa410d0000 - 0x00007ffa41458000 	C:\Windows\System32\combase.dll
0x00007ffa41a60000 - 0x00007ffa41b37000 	C:\Windows\System32\OLEAUT32.dll
0x00007ffa37a20000 - 0x00007ffa37a52000 	C:\Windows\SYSTEM32\dbgcore.DLL
0x00007ffa3fd40000 - 0x00007ffa3fdb9000 	C:\Windows\System32\bcryptPrimitives.dll
0x00007ffa24a00000 - 0x00007ffa24a0e000 	C:\Program Files\Java\jdk-16.0.2\bin\instrument.dll
0x00007ffa20f00000 - 0x00007ffa20f25000 	C:\Program Files\Java\jdk-16.0.2\bin\java.dll
0x00007ffa404e0000 - 0x00007ffa40d3c000 	C:\Windows\System32\SHELL32.dll
0x00007ffa3d3d0000 - 0x00007ffa3dcc6000 	C:\Windows\SYSTEM32\windows.storage.dll
0x00007ffa3d290000 - 0x00007ffa3d3ce000 	C:\Windows\SYSTEM32\wintypes.dll
0x00007ffa41840000 - 0x00007ffa41935000 	C:\Windows\System32\SHCORE.dll
0x00007ffa41fb0000 - 0x00007ffa4200e000 	C:\Windows\System32\shlwapi.dll
0x00007ffa3f400000 - 0x00007ffa3f421000 	C:\Windows\SYSTEM32\profapi.dll
0x00007ffa1c140000 - 0x00007ffa1c158000 	C:\Program Files\Java\jdk-16.0.2\bin\zip.dll
0x00007ffa19f00000 - 0x00007ffa19f19000 	C:\Program Files\Java\jdk-16.0.2\bin\net.dll
0x00007ffa3afb0000 - 0x00007ffa3b0e6000 	C:\Windows\SYSTEM32\WINHTTP.dll
0x00007ffa3ea00000 - 0x00007ffa3ea69000 	C:\Windows\system32\mswsock.dll
0x00007ffa19df0000 - 0x00007ffa19e03000 	C:\Program Files\Java\jdk-16.0.2\bin\nio.dll
0x00007ffa1c130000 - 0x00007ffa1c140000 	C:\Program Files\Java\jdk-16.0.2\bin\verify.dll
0x00007ffa12790000 - 0x00007ffa127b7000 	C:\Users\Josh\.gradle\native\68d5fa5c4cc2d200863cafc0d521ce42e7d3e7ee720ec0a83991735586a16f82\windows-amd64\native-platform.dll
0x00007ff9e6f40000 - 0x00007ff9e7084000 	C:\Users\Josh\.gradle\native\e376f236ea51e6404a007f0833ffe2c6e607c4080706a723a18a27aeea778392\windows-amd64\native-platform-file-events.dll
0x00007ffa1a260000 - 0x00007ffa1a269000 	C:\Program Files\Java\jdk-16.0.2\bin\management.dll
0x00007ffa19ef0000 - 0x00007ffa19efb000 	C:\Program Files\Java\jdk-16.0.2\bin\management_ext.dll
0x00007ffa3eca0000 - 0x00007ffa3ecbb000 	C:\Windows\SYSTEM32\CRYPTSP.dll
0x00007ffa3e500000 - 0x00007ffa3e535000 	C:\Windows\system32\rsaenh.dll
0x00007ffa3eaa0000 - 0x00007ffa3eac8000 	C:\Windows\SYSTEM32\USERENV.dll
0x00007ffa3ec00000 - 0x00007ffa3ec0c000 	C:\Windows\SYSTEM32\CRYPTBASE.dll
0x00007ffa3dfa0000 - 0x00007ffa3dfcd000 	C:\Windows\SYSTEM32\IPHLPAPI.DLL
0x00007ffa41830000 - 0x00007ffa41839000 	C:\Windows\System32\NSI.dll
0x00007ffa3b150000 - 0x00007ffa3b169000 	C:\Windows\SYSTEM32\dhcpcsvc6.DLL
0x00007ffa3af90000 - 0x00007ffa3afaf000 	C:\Windows\SYSTEM32\dhcpcsvc.DLL
0x00007ffa3e010000 - 0x00007ffa3e108000 	C:\Windows\SYSTEM32\DNSAPI.dll
0x00007ffa18dc0000 - 0x00007ffa18dce000 	C:\Program Files\Java\jdk-16.0.2\bin\sunmscapi.dll
0x00007ffa3f9a0000 - 0x00007ffa3fb08000 	C:\Windows\System32\CRYPT32.dll
0x00007ffa3ee70000 - 0x00007ffa3ee9e000 	C:\Windows\SYSTEM32\ncrypt.dll
0x00007ffa3ee30000 - 0x00007ffa3ee67000 	C:\Windows\SYSTEM32\NTASN1.dll
0x00007ff9ffd50000 - 0x00007ff9ffd58000 	C:\Windows\system32\wshunix.dll

dbghelp: loaded successfully - version: 4.0.5 - missing functions: none
symbol engine: initialized successfully - sym options: 0x614 - pdb path: .;C:\Program Files\Java\jdk-16.0.2\bin;C:\Windows\SYSTEM32;C:\Program Files\Avast Software\Avast;C:\Windows\WinSxS\amd64_microsoft.windows.common-controls_6595b64144ccf1df_6.0.22621.3527_none_270e469b73872a76;C:\Program Files\Java\jdk-16.0.2\bin\server;C:\Users\Josh\.gradle\native\68d5fa5c4cc2d200863cafc0d521ce42e7d3e7ee720ec0a83991735586a16f82\windows-amd64;C:\Users\Josh\.gradle\native\e376f236ea51e6404a007f0833ffe2c6e607c4080706a723a18a27aeea778392\windows-amd64

VM Arguments:
jvm_args: --add-opens=java.base/java.util=ALL-UNNAMED --add-opens=java.base/java.lang=ALL-UNNAMED --add-opens=java.base/java.lang.invoke=ALL-UNNAMED --add-opens=java.prefs/java.util.prefs=ALL-UNNAMED --add-opens=java.base/java.nio.charset=ALL-UNNAMED --add-opens=java.base/java.net=ALL-UNNAMED --add-opens=java.base/java.util.concurrent.atomic=ALL-UNNAMED -Dfile.encoding=UTF-8 -Duser.country=GB -Duser.language=en -Duser.variant -javaagent:C:\Users\Josh\.gradle\wrapper\dists\gradle-8.3-bin\dxjbbhstwasg8cbags9q7cvli\gradle-8.3\lib\agents\gradle-instrumentation-agent-8.3.jar 
java_command: org.gradle.launcher.daemon.bootstrap.GradleDaemon 8.3
java_class_path (initial): C:\Users\Josh\.gradle\wrapper\dists\gradle-8.3-bin\dxjbbhstwasg8cbags9q7cvli\gradle-8.3\lib\gradle-launcher-8.3.jar
Launcher Type: SUN_STANDARD

[Global flags]
     intx CICompilerCount                          = 15                                        {product} {ergonomic}
     uint ConcGCThreads                            = 6                                         {product} {ergonomic}
     uint G1ConcRefinementThreads                  = 23                                        {product} {ergonomic}
   size_t G1HeapRegionSize                         = 8388608                                   {product} {ergonomic}
    uintx GCDrainStackTargetSize                   = 64                                        {product} {ergonomic}
   size_t InitialHeapSize                          = 1073741824                                {product} {ergonomic}
   size_t MarkStackSize                            = 4194304                                   {product} {ergonomic}
   size_t MaxHeapSize                              = 17104371712                               {product} {ergonomic}
   size_t MaxNewSize                               = 10259267584                               {product} {ergonomic}
   size_t MinHeapDeltaBytes                        = 8388608                                   {product} {ergonomic}
   size_t MinHeapSize                              = 8388608                                   {product} {ergonomic}
    uintx NonNMethodCodeHeapSize                   = 8192380                                {pd product} {ergonomic}
    uintx NonProfiledCodeHeapSize                  = 121732930                              {pd product} {ergonomic}
    uintx ProfiledCodeHeapSize                     = 121732930                              {pd product} {ergonomic}
    uintx ReservedCodeCacheSize                    = 251658240                              {pd product} {ergonomic}
     bool SegmentedCodeCache                       = true                                      {product} {ergonomic}
   size_t SoftMaxHeapSize                          = 17104371712                            {manageable} {ergonomic}
     bool UseCompressedClassPointers               = true                           {product lp64_product} {ergonomic}
     bool UseCompressedOops                        = true                           {product lp64_product} {ergonomic}
     bool UseG1GC                                  = true                                      {product} {ergonomic}
     bool UseLargePagesIndividualAllocation        = false                                  {pd product} {ergonomic}

Logging:
Log output configuration:
 #0: stdout all=warning uptime,level,tags
 #1: stderr all=off uptime,level,tags

Environment Variables:
PATH=C:\Program Files\Common Files\Oracle\Java\javapath;C:\Windows\system32;C:\Windows;C:\Windows\System32\Wbem;C:\Windows\System32\WindowsPowerShell\v1.0\;C:\Windows\System32\OpenSSH\;C:\Program Files\PuTTY\;C:\Program Files\Git\cmd;C:\Program Files\Maven\bin;C:\Users\Josh\AppData\Local\Microsoft\WindowsApps;C:\Users\Josh\AppData\Local\GitHubDesktop\bin;C:\Users\Josh\AppData\Local\JetBrains\Toolbox\scripts;
USERNAME=Josh
OS=Windows_NT
PROCESSOR_IDENTIFIER=Intel64 Family 6 Model 183 Stepping 1, GenuineIntel



---------------  S Y S T E M  ---------------

OS:
 Windows 10 , 64 bit Build 22621 (10.0.22621.3527)
OS uptime: 12 days 12:05 hours
Hyper-V role detected

CPU: total 32 (initial active 32) (16 cores per cpu, 2 threads per core) family 6 model 183 stepping 1 microcode 0x123, cx8, cmov, fxsr, ht, mmx, 3dnowpref, sse, sse2, sse3, ssse3, sse4.1, sse4.2, popcnt, lzcnt, tsc, tscinvbit, avx, avx2, aes, erms, clmul, bmi1, bmi2, adx, sha, fma, vzeroupper, clflush, clflushopt, clwb, hv

Memory: 4k page, system-wide physical 65243M (30898M free)
TotalPageFile size 69339M (AvailPageFile size 21839M)
current process WorkingSet (physical memory assigned to process): 624M, peak: 653M
current process commit charge ("private bytes"): 846M, peak: 1301M

vm_info: Java HotSpot(TM) 64-Bit Server VM (16.0.2+7-67) for windows-amd64 JRE (16.0.2+7-67), built on Jun  8 2021 23:24:19 by "mach5one" with MS VC++ 16.7 (VS2019)

END.
